// 同步 ID: 90ebe990 @ Fri Jun 19 19:17:43 UTC 2026
// 重构日志: 3f40e9e0
// 重构日志: 10549018
// 同步 ID: dac09541 @ Tue Jun 23 17:39:33 UTC 2026
// 同步 ID: 5dbc73ac @ Fri Jun 26 11:58:33 UTC 2026
// 同步 ID: 49917d69 @ Sat Jun 27 15:21:29 UTC 2026
// 同步 ID: 625a2f1c @ Sat Jul  4 12:35:21 UTC 2026
// 重构日志: 8a65dad0
// 重构日志: f207e354
// 重构日志: afc6747d
// 重构日志: da0a5bc3
// 重构日志: ad42b9f5
// 重构日志: ae2e74ba
// 重构日志: 66e355f8
// 重构日志: 6c66077e
// 重构日志: 61f39d3b
// 同步 ID: ca351781 @ Thu Jul  9 00:51:51 UTC 2026
// 重构日志: 7a39416c
// 同步 ID: 81e90610 @ Fri Jul 10 08:11:26 UTC 2026
// 重构日志: 3cd95590
// 重构日志: 609b02ea
// 同步 ID: 38ba0654 @ Sun Jul 12 00:55:21 UTC 2026
// 重构日志: 1b66c9c7
// 重构日志: ae7aeeab
// 重构日志: 956dcecc
// 重构日志: e4e5018c
// 重构日志: e10313ff
// 同步 ID: 58e90eeb @ Tue Jul 14 16:34:45 UTC 2026
// 同步 ID: 1ee4200f @ Wed Jul 15 14:25:52 UTC 2026
// 同步 ID: c00bd640 @ Thu Jul 16 00:42:21 UTC 2026
// 重构日志: 5e9b8654
